Using pre-set license
Built from '2020.3/staging' branch; Version is '2020.3.13f1 (71691879b7f5) revision 7432472'; Using compiler version '192528614'; Build Type 'Release'
OS: 'Windows 10 Home Single Language; OS build 19042.1387; Version 2009; 64bit' Language: 'en' Physical Memory: 8005 MB
BatchMode: 1, IsHumanControllingUs: 0, StartBugReporterOnCrash: 0, Is64bit: 1, IsPro: 0

 COMMAND LINE ARGUMENTS:
C:\Unity\2020.3.13f1\Unity.exe
-adb2
-batchMode
-noUpm
-name
AssetImportWorker0
-projectPath
C:/Users/LENOVO/project3
-logFile
Logs/AssetImportWorker0.log
-srvPort
53550
Successfully changed project path to: C:/Users/LENOVO/project3
C:/Users/LENOVO/project3
Using Asset Import Pipeline V2.
Refreshing native plugins compatible for Editor in 75.17 ms, found 2 plugins.
Preloading 0 native plugins for Editor in 0.00 ms.
Initialize engine version: 2020.3.13f1 (71691879b7f5)
[Subsystems] Discovering subsystems at path C:/Unity/2020.3.13f1/Data/Resources/UnitySubsystems
[Subsystems] Discovering subsystems at path C:/Users/LENOVO/project3/Assets
GfxDevice: creating device client; threaded=0
Direct3D:
    Version:  Direct3D 11.0 [level 11.1]
    Renderer: NVIDIA GeForce MX230 (ID=0x1d11)
    Vendor:   
    VRAM:     1984 MB
    Driver:   25.21.14.1788
Initialize mono
Mono path[0] = 'C:/Unity/2020.3.13f1/Data/Managed'
Mono path[1] = 'C:/Unity/2020.3.13f1/Data/MonoBleedingEdge/lib/mono/unityjit'
Mono config path = 'C:/Unity/2020.3.13f1/Data/MonoBleedingEdge/etc'
Using monoOptions --debugger-agent=transport=dt_socket,embedding=1,server=y,suspend=n,address=127.0.0.1:56960
Begin MonoManager ReloadAssembly
Registering precompiled unity dll's ...
Register platform support module: C:/Unity/2020.3.13f1/Data/PlaybackEngines/WindowsStandaloneSupport/UnityEditor.WindowsStandalone.Extensions.dll
Registered in 0.004529 seconds.
Native extension for WindowsStandalone target not found
Refreshing native plugins compatible for Editor in 70.04 ms, found 2 plugins.
Preloading 0 native plugins for Editor in 0.00 ms.
Mono: successfully reloaded assembly
- Completed reload, in  2.769 seconds
Platform modules already initialized, skipping
Registering precompiled user dll's ...
Registered in 0.009663 seconds.
Begin MonoManager ReloadAssembly
Native extension for WindowsStandalone target not found
Refreshing native plugins compatible for Editor in 0.63 ms, found 2 plugins.
Preloading 0 native plugins for Editor in 0.00 ms.
Mono: successfully reloaded assembly
- Completed reload, in  2.505 seconds
Platform modules already initialized, skipping
========================================================================
Worker process is ready to serve import requests
Launched and connected shader compiler UnityShaderCompiler.exe after 0.09 seconds
Refreshing native plugins compatible for Editor in 0.68 ms, found 2 plugins.
Preloading 0 native plugins for Editor in 0.00 ms.
Unloading 1394 Unused Serialized files (Serialized files now loaded: 0)
System memory in use before: 66.2 MB.
System memory in use after: 66.3 MB.

Unloading 19 unused Assets to reduce memory usage. Loaded Objects now: 1828.
Total: 4.394200 ms (FindLiveObjects: 0.301800 ms CreateObjectMapping: 0.104900 ms MarkObjects: 3.728400 ms  DeleteObjects: 0.256900 ms)

AssetImportParameters requested are different than current active one (requested -> active):
  custom:framework-win-MediaFoundation: 216162199b28c13a410421893ffa2e32 -> 
  custom:video-decoder-ogg-theora: a1e56fd34408186e4bbccfd4996cb3dc -> 
  custom:container-muxer-webm: aa71ff27fc2769a1b78a27578f13a17b -> 
  custom:container-demuxer-webm: 4f35f7cbe854078d1ac9338744f61a02 -> 
  custom:container-demuxer-ogg: 62fdf1f143b41e24485cea50d1cbac27 -> 
  custom:video-encoder-webm-vp8: eb34c28f22e8b96e1ab97ce403110664 -> 
  custom:video-codec-MediaFoundation-h265: 746d11721c4dcdbdad8f713fa42b33f4 -> 
  custom:video-decoder-webm-vp8: 9c59270c3fd7afecdb556c50c9e8de78 -> 
  custom:audio-decoder-ogg-vorbis: bf7c407c2cedff20999df2af8eb42d56 -> 
  custom:audio-encoder-webm-vorbis: bf7c407c2cedff20999df2af8eb42d56 -> 
========================================================================
Received Import Request.
  path: Assets/virus.prefab
  artifactKey: Guid(76088f264de29b54cba201bbcf56b406) Importer(815301076,1909f56bfc062723c751e8b465ee728b)
Start importing Assets/virus.prefab using Guid(76088f264de29b54cba201bbcf56b406) Importer(815301076,1909f56bfc062723c751e8b465ee728b)  -> (artifact id: '9e7196776ea50cfbf0b8610d88ebb2b4') in 0.349893 seconds 
  Import took 0.357792 seconds .

========================================================================
Received Import Request.
  Time since last request: 13.192730 seconds.
  path: Assets/virus2.prefab
  artifactKey: Guid(76088f264de29b54cba201bbcf56b406) Importer(815301076,1909f56bfc062723c751e8b465ee728b)
Start importing Assets/virus2.prefab using Guid(76088f264de29b54cba201bbcf56b406) Importer(815301076,1909f56bfc062723c751e8b465ee728b)  -> (artifact id: '0c343a57023081fde763206b8dd9715f') in 0.145755 seconds 
  Import took 0.155142 seconds .

========================================================================
Received Prepare
Registering precompiled user dll's ...
Registered in 0.008849 seconds.
Begin MonoManager ReloadAssembly
Native extension for WindowsStandalone target not found
Refreshing native plugins compatible for Editor in 0.78 ms, found 2 plugins.
Preloading 0 native plugins for Editor in 0.00 ms.
Mono: successfully reloaded assembly
- Completed reload, in  2.940 seconds
Platform modules already initialized, skipping
Refreshing native plugins compatible for Editor in 0.73 ms, found 2 plugins.
Preloading 0 native plugins for Editor in 0.00 ms.
Unloading 1387 Unused Serialized files (Serialized files now loaded: 0)
System memory in use before: 69.1 MB.
System memory in use after: 69.2 MB.

Unloading 14 unused Assets to reduce memory usage. Loaded Objects now: 1838.
Total: 4.763200 ms (FindLiveObjects: 0.309900 ms CreateObjectMapping: 0.100000 ms MarkObjects: 4.234100 ms  DeleteObjects: 0.116800 ms)

AssetImportParameters requested are different than current active one (requested -> active):
  custom:framework-win-MediaFoundation: 216162199b28c13a410421893ffa2e32 -> 
  custom:video-decoder-ogg-theora: a1e56fd34408186e4bbccfd4996cb3dc -> 
  custom:container-muxer-webm: aa71ff27fc2769a1b78a27578f13a17b -> 
  custom:container-demuxer-webm: 4f35f7cbe854078d1ac9338744f61a02 -> 
  custom:container-demuxer-ogg: 62fdf1f143b41e24485cea50d1cbac27 -> 
  custom:video-encoder-webm-vp8: eb34c28f22e8b96e1ab97ce403110664 -> 
  custom:video-codec-MediaFoundation-h265: 746d11721c4dcdbdad8f713fa42b33f4 -> 
  custom:video-decoder-webm-vp8: 9c59270c3fd7afecdb556c50c9e8de78 -> 
  custom:audio-decoder-ogg-vorbis: bf7c407c2cedff20999df2af8eb42d56 -> 
  custom:audio-encoder-webm-vorbis: bf7c407c2cedff20999df2af8eb42d56 -> 
========================================================================
Received Prepare
Registering precompiled user dll's ...
Registered in 0.009714 seconds.
Begin MonoManager ReloadAssembly
Native extension for WindowsStandalone target not found
Refreshing native plugins compatible for Editor in 0.46 ms, found 2 plugins.
Preloading 0 native plugins for Editor in 0.00 ms.
Mono: successfully reloaded assembly
- Completed reload, in  1.974 seconds
Platform modules already initialized, skipping
Refreshing native plugins compatible for Editor in 0.76 ms, found 2 plugins.
Preloading 0 native plugins for Editor in 0.00 ms.
Unloading 1387 Unused Serialized files (Serialized files now loaded: 0)
System memory in use before: 69.1 MB.
System memory in use after: 69.2 MB.

Unloading 14 unused Assets to reduce memory usage. Loaded Objects now: 1841.
Total: 4.320600 ms (FindLiveObjects: 0.370600 ms CreateObjectMapping: 0.142300 ms MarkObjects: 3.678300 ms  DeleteObjects: 0.126500 ms)

AssetImportParameters requested are different than current active one (requested -> active):
  custom:framework-win-MediaFoundation: 216162199b28c13a410421893ffa2e32 -> 
  custom:video-decoder-ogg-theora: a1e56fd34408186e4bbccfd4996cb3dc -> 
  custom:container-muxer-webm: aa71ff27fc2769a1b78a27578f13a17b -> 
  custom:container-demuxer-webm: 4f35f7cbe854078d1ac9338744f61a02 -> 
  custom:container-demuxer-ogg: 62fdf1f143b41e24485cea50d1cbac27 -> 
  custom:video-encoder-webm-vp8: eb34c28f22e8b96e1ab97ce403110664 -> 
  custom:video-codec-MediaFoundation-h265: 746d11721c4dcdbdad8f713fa42b33f4 -> 
  custom:video-decoder-webm-vp8: 9c59270c3fd7afecdb556c50c9e8de78 -> 
  custom:audio-decoder-ogg-vorbis: bf7c407c2cedff20999df2af8eb42d56 -> 
  custom:audio-encoder-webm-vorbis: bf7c407c2cedff20999df2af8eb42d56 -> 
========================================================================
Received Import Request.
  Time since last request: 1754.150579 seconds.
  path: Assets/MunculinVirus.cs
  artifactKey: Guid(8be85567449b0b248adff49b37dc4e81) Importer(815301076,1909f56bfc062723c751e8b465ee728b)
Start importing Assets/MunculinVirus.cs using Guid(8be85567449b0b248adff49b37dc4e81) Importer(815301076,1909f56bfc062723c751e8b465ee728b)  -> (artifact id: '2fbe095ed1a5225f41aaafae9a040707') in 0.013773 seconds 
  Import took 0.018081 seconds .

========================================================================
Received Import Request.
  Time since last request: 0.001739 seconds.
  path: Assets/MunculinVirus.cs
  artifactKey: Guid(8be85567449b0b248adff49b37dc4e81) Importer(815301076,1909f56bfc062723c751e8b465ee728b)
Start importing Assets/MunculinVirus.cs using Guid(8be85567449b0b248adff49b37dc4e81) Importer(815301076,1909f56bfc062723c751e8b465ee728b)  -> (artifact id: '2fbe095ed1a5225f41aaafae9a040707') in 0.001869 seconds 
  Import took 0.004511 seconds .

========================================================================
Received Prepare
Registering precompiled user dll's ...
Registered in 0.005723 seconds.
Begin MonoManager ReloadAssembly
Native extension for WindowsStandalone target not found
Refreshing native plugins compatible for Editor in 0.32 ms, found 2 plugins.
Preloading 0 native plugins for Editor in 0.00 ms.
Mono: successfully reloaded assembly
- Completed reload, in  0.905 seconds
Platform modules already initialized, skipping
Refreshing native plugins compatible for Editor in 0.30 ms, found 2 plugins.
Preloading 0 native plugins for Editor in 0.00 ms.
Unloading 1387 Unused Serialized files (Serialized files now loaded: 0)
System memory in use before: 69.1 MB.
System memory in use after: 69.2 MB.

Unloading 14 unused Assets to reduce memory usage. Loaded Objects now: 1844.
Total: 2.186300 ms (FindLiveObjects: 0.155800 ms CreateObjectMapping: 0.041100 ms MarkObjects: 1.931700 ms  DeleteObjects: 0.056600 ms)

AssetImportParameters requested are different than current active one (requested -> active):
  custom:framework-win-MediaFoundation: 216162199b28c13a410421893ffa2e32 -> 
  custom:video-decoder-ogg-theora: a1e56fd34408186e4bbccfd4996cb3dc -> 
  custom:container-muxer-webm: aa71ff27fc2769a1b78a27578f13a17b -> 
  custom:container-demuxer-webm: 4f35f7cbe854078d1ac9338744f61a02 -> 
  custom:container-demuxer-ogg: 62fdf1f143b41e24485cea50d1cbac27 -> 
  custom:video-encoder-webm-vp8: eb34c28f22e8b96e1ab97ce403110664 -> 
  custom:video-codec-MediaFoundation-h265: 746d11721c4dcdbdad8f713fa42b33f4 -> 
  custom:video-decoder-webm-vp8: 9c59270c3fd7afecdb556c50c9e8de78 -> 
  custom:audio-decoder-ogg-vorbis: bf7c407c2cedff20999df2af8eb42d56 -> 
  custom:audio-encoder-webm-vorbis: bf7c407c2cedff20999df2af8eb42d56 -> 
========================================================================
Received Import Request.
  Time since last request: 565.842726 seconds.
  path: Assets/virus.prefab
  artifactKey: Guid(76088f264de29b54cba201bbcf56b406) Importer(815301076,1909f56bfc062723c751e8b465ee728b)
Start importing Assets/virus.prefab using Guid(76088f264de29b54cba201bbcf56b406) Importer(815301076,1909f56bfc062723c751e8b465ee728b)  -> (artifact id: 'df0dd2f93e7d35c671c531a8e031dfba') in 0.132358 seconds 
  Import took 0.136062 seconds .

========================================================================
Received Import Request.
  Time since last request: 21.655168 seconds.
  path: Assets/virus 2.prefab
  artifactKey: Guid(76088f264de29b54cba201bbcf56b406) Importer(815301076,1909f56bfc062723c751e8b465ee728b)
Start importing Assets/virus 2.prefab using Guid(76088f264de29b54cba201bbcf56b406) Importer(815301076,1909f56bfc062723c751e8b465ee728b)  -> (artifact id: 'a2490971fba140e71569f4d9b6182bda') in 0.042151 seconds 
  Import took 0.047049 seconds .

========================================================================
Received Prepare
Registering precompiled user dll's ...
Registered in 0.003347 seconds.
Begin MonoManager ReloadAssembly
Native extension for WindowsStandalone target not found
Refreshing native plugins compatible for Editor in 0.35 ms, found 2 plugins.
Preloading 0 native plugins for Editor in 0.00 ms.
Mono: successfully reloaded assembly
- Completed reload, in  0.955 seconds
Platform modules already initialized, skipping
Refreshing native plugins compatible for Editor in 0.34 ms, found 2 plugins.
Preloading 0 native plugins for Editor in 0.00 ms.
Unloading 1387 Unused Serialized files (Serialized files now loaded: 0)
System memory in use before: 69.2 MB.
System memory in use after: 69.2 MB.

Unloading 14 unused Assets to reduce memory usage. Loaded Objects now: 1848.
Total: 2.530800 ms (FindLiveObjects: 0.157300 ms CreateObjectMapping: 0.035900 ms MarkObjects: 2.219900 ms  DeleteObjects: 0.116900 ms)

AssetImportParameters requested are different than current active one (requested -> active):
  custom:framework-win-MediaFoundation: 216162199b28c13a410421893ffa2e32 -> 
  custom:video-decoder-ogg-theora: a1e56fd34408186e4bbccfd4996cb3dc -> 
  custom:container-muxer-webm: aa71ff27fc2769a1b78a27578f13a17b -> 
  custom:container-demuxer-webm: 4f35f7cbe854078d1ac9338744f61a02 -> 
  custom:container-demuxer-ogg: 62fdf1f143b41e24485cea50d1cbac27 -> 
  custom:video-encoder-webm-vp8: eb34c28f22e8b96e1ab97ce403110664 -> 
  custom:video-codec-MediaFoundation-h265: 746d11721c4dcdbdad8f713fa42b33f4 -> 
  custom:video-decoder-webm-vp8: 9c59270c3fd7afecdb556c50c9e8de78 -> 
  custom:audio-decoder-ogg-vorbis: bf7c407c2cedff20999df2af8eb42d56 -> 
  custom:audio-encoder-webm-vorbis: bf7c407c2cedff20999df2af8eb42d56 -> 
========================================================================
Received Prepare
Registering precompiled user dll's ...
Registered in 0.003353 seconds.
Begin MonoManager ReloadAssembly
Native extension for WindowsStandalone target not found
Refreshing native plugins compatible for Editor in 0.32 ms, found 2 plugins.
Preloading 0 native plugins for Editor in 0.00 ms.
Mono: successfully reloaded assembly
- Completed reload, in  0.904 seconds
Platform modules already initialized, skipping
Refreshing native plugins compatible for Editor in 0.33 ms, found 2 plugins.
Preloading 0 native plugins for Editor in 0.00 ms.
Unloading 1387 Unused Serialized files (Serialized files now loaded: 0)
System memory in use before: 69.2 MB.
System memory in use after: 69.2 MB.

Unloading 14 unused Assets to reduce memory usage. Loaded Objects now: 1851.
Total: 2.340700 ms (FindLiveObjects: 0.187900 ms CreateObjectMapping: 0.042900 ms MarkObjects: 2.030600 ms  DeleteObjects: 0.078300 ms)

AssetImportParameters requested are different than current active one (requested -> active):
  custom:framework-win-MediaFoundation: 216162199b28c13a410421893ffa2e32 -> 
  custom:video-decoder-ogg-theora: a1e56fd34408186e4bbccfd4996cb3dc -> 
  custom:container-muxer-webm: aa71ff27fc2769a1b78a27578f13a17b -> 
  custom:container-demuxer-webm: 4f35f7cbe854078d1ac9338744f61a02 -> 
  custom:container-demuxer-ogg: 62fdf1f143b41e24485cea50d1cbac27 -> 
  custom:video-encoder-webm-vp8: eb34c28f22e8b96e1ab97ce403110664 -> 
  custom:video-codec-MediaFoundation-h265: 746d11721c4dcdbdad8f713fa42b33f4 -> 
  custom:video-decoder-webm-vp8: 9c59270c3fd7afecdb556c50c9e8de78 -> 
  custom:audio-decoder-ogg-vorbis: bf7c407c2cedff20999df2af8eb42d56 -> 
  custom:audio-encoder-webm-vorbis: bf7c407c2cedff20999df2af8eb42d56 -> 
========================================================================
Received Import Request.
  Time since last request: 141.999705 seconds.
  path: Assets/virus.prefab
  artifactKey: Guid(e27af51e7b5c4244c903437d7651c361) Importer(815301076,1909f56bfc062723c751e8b465ee728b)
Start importing Assets/virus.prefab using Guid(e27af51e7b5c4244c903437d7651c361) Importer(815301076,1909f56bfc062723c751e8b465ee728b)  -> (artifact id: '25ebca45762f6869579e4d9e4badb558') in 0.080161 seconds 
  Import took 0.084390 seconds .

========================================================================
Received Import Request.
  Time since last request: 17.877947 seconds.
  path: Assets/virus 2.prefab
  artifactKey: Guid(e27af51e7b5c4244c903437d7651c361) Importer(815301076,1909f56bfc062723c751e8b465ee728b)
Start importing Assets/virus 2.prefab using Guid(e27af51e7b5c4244c903437d7651c361) Importer(815301076,1909f56bfc062723c751e8b465ee728b)  -> (artifact id: 'cb6a140cbb10e26eae7344920327a8e3') in 0.120361 seconds 
  Import took 0.124742 seconds .

========================================================================
Received Prepare
Registering precompiled user dll's ...
Registered in 0.003280 seconds.
Begin MonoManager ReloadAssembly
Native extension for WindowsStandalone target not found
Refreshing native plugins compatible for Editor in 0.32 ms, found 2 plugins.
Preloading 0 native plugins for Editor in 0.00 ms.
Mono: successfully reloaded assembly
- Completed reload, in  0.964 seconds
Platform modules already initialized, skipping
Refreshing native plugins compatible for Editor in 0.30 ms, found 2 plugins.
Preloading 0 native plugins for Editor in 0.00 ms.
Unloading 1387 Unused Serialized files (Serialized files now loaded: 0)
System memory in use before: 69.2 MB.
System memory in use after: 69.3 MB.

Unloading 14 unused Assets to reduce memory usage. Loaded Objects now: 1855.
Total: 2.819500 ms (FindLiveObjects: 0.157500 ms CreateObjectMapping: 0.036600 ms MarkObjects: 2.507900 ms  DeleteObjects: 0.116000 ms)

AssetImportParameters requested are different than current active one (requested -> active):
  custom:framework-win-MediaFoundation: 216162199b28c13a410421893ffa2e32 -> 
  custom:video-decoder-ogg-theora: a1e56fd34408186e4bbccfd4996cb3dc -> 
  custom:container-muxer-webm: aa71ff27fc2769a1b78a27578f13a17b -> 
  custom:container-demuxer-webm: 4f35f7cbe854078d1ac9338744f61a02 -> 
  custom:container-demuxer-ogg: 62fdf1f143b41e24485cea50d1cbac27 -> 
  custom:video-encoder-webm-vp8: eb34c28f22e8b96e1ab97ce403110664 -> 
  custom:video-codec-MediaFoundation-h265: 746d11721c4dcdbdad8f713fa42b33f4 -> 
  custom:video-decoder-webm-vp8: 9c59270c3fd7afecdb556c50c9e8de78 -> 
  custom:audio-decoder-ogg-vorbis: bf7c407c2cedff20999df2af8eb42d56 -> 
  custom:audio-encoder-webm-vorbis: bf7c407c2cedff20999df2af8eb42d56 -> 
========================================================================
Received Prepare
Registering precompiled user dll's ...
Registered in 0.003252 seconds.
Begin MonoManager ReloadAssembly
Native extension for WindowsStandalone target not found
Refreshing native plugins compatible for Editor in 0.45 ms, found 2 plugins.
Preloading 0 native plugins for Editor in 0.00 ms.
Mono: successfully reloaded assembly
- Completed reload, in  0.936 seconds
Platform modules already initialized, skipping
Refreshing native plugins compatible for Editor in 0.30 ms, found 2 plugins.
Preloading 0 native plugins for Editor in 0.00 ms.
Unloading 1387 Unused Serialized files (Serialized files now loaded: 0)
System memory in use before: 69.2 MB.
System memory in use after: 69.3 MB.

Unloading 14 unused Assets to reduce memory usage. Loaded Objects now: 1858.
Total: 2.052400 ms (FindLiveObjects: 0.129100 ms CreateObjectMapping: 0.038600 ms MarkObjects: 1.792400 ms  DeleteObjects: 0.091400 ms)

AssetImportParameters requested are different than current active one (requested -> active):
  custom:framework-win-MediaFoundation: 216162199b28c13a410421893ffa2e32 -> 
  custom:video-decoder-ogg-theora: a1e56fd34408186e4bbccfd4996cb3dc -> 
  custom:container-muxer-webm: aa71ff27fc2769a1b78a27578f13a17b -> 
  custom:container-demuxer-webm: 4f35f7cbe854078d1ac9338744f61a02 -> 
  custom:container-demuxer-ogg: 62fdf1f143b41e24485cea50d1cbac27 -> 
  custom:video-encoder-webm-vp8: eb34c28f22e8b96e1ab97ce403110664 -> 
  custom:video-codec-MediaFoundation-h265: 746d11721c4dcdbdad8f713fa42b33f4 -> 
  custom:video-decoder-webm-vp8: 9c59270c3fd7afecdb556c50c9e8de78 -> 
  custom:audio-decoder-ogg-vorbis: bf7c407c2cedff20999df2af8eb42d56 -> 
  custom:audio-encoder-webm-vorbis: bf7c407c2cedff20999df2af8eb42d56 -> 
========================================================================
Received Import Request.
  Time since last request: 1683.959653 seconds.
  path: Assets/GrakanPlayer.cs
  artifactKey: Guid(9c29c20ef79899d4fa4dbce936b3a21c) Importer(815301076,1909f56bfc062723c751e8b465ee728b)
Start importing Assets/GrakanPlayer.cs using Guid(9c29c20ef79899d4fa4dbce936b3a21c) Importer(815301076,1909f56bfc062723c751e8b465ee728b)  -> (artifact id: '70422240d43c0d1d5c22333155c921c1') in 0.011600 seconds 
  Import took 0.015435 seconds .

========================================================================
Received Import Request.
  Time since last request: 0.024548 seconds.
  path: Assets/GrakanPlayer.cs
  artifactKey: Guid(9c29c20ef79899d4fa4dbce936b3a21c) Importer(815301076,1909f56bfc062723c751e8b465ee728b)
Start importing Assets/GrakanPlayer.cs using Guid(9c29c20ef79899d4fa4dbce936b3a21c) Importer(815301076,1909f56bfc062723c751e8b465ee728b)  -> (artifact id: '70422240d43c0d1d5c22333155c921c1') in 0.003626 seconds 
  Import took 0.005948 seconds .

========================================================================
Received Import Request.
  Time since last request: 218.994119 seconds.
  path: Assets/GrakanPlayer.cs
  artifactKey: Guid(9c29c20ef79899d4fa4dbce936b3a21c) Importer(815301076,1909f56bfc062723c751e8b465ee728b)
Start importing Assets/GrakanPlayer.cs using Guid(9c29c20ef79899d4fa4dbce936b3a21c) Importer(815301076,1909f56bfc062723c751e8b465ee728b)  -> (artifact id: '0b3a9c3b0bbc6e885b2a415d48c2500a') in 0.004315 seconds 
  Import took 0.007017 seconds .

========================================================================
Received Import Request.
  Time since last request: 39.582414 seconds.
  path: ProjectSettings/TagManager.asset
  artifactKey: Guid(00000000000000003000000000000000) Importer(815301076,1909f56bfc062723c751e8b465ee728b)
Start importing ProjectSettings/TagManager.asset using Guid(00000000000000003000000000000000) Importer(815301076,1909f56bfc062723c751e8b465ee728b)  -> (artifact id: 'ce6a35c3cddc746e7501c0bd0ed6d4ce') in 0.017245 seconds 
  Import took 0.019767 seconds .

========================================================================
Received Import Request.
  Time since last request: 0.005510 seconds.
  path: ProjectSettings/TagManager.asset
  artifactKey: Guid(00000000000000003000000000000000) Importer(815301076,1909f56bfc062723c751e8b465ee728b)
Start importing ProjectSettings/TagManager.asset using Guid(00000000000000003000000000000000) Importer(815301076,1909f56bfc062723c751e8b465ee728b)  -> (artifact id: 'ce6a35c3cddc746e7501c0bd0ed6d4ce') in 0.004256 seconds 
  Import took 0.007106 seconds .

========================================================================
Received Import Request.
  Time since last request: 32.215705 seconds.
  path: Assets/virus 2.prefab
  artifactKey: Guid(e27af51e7b5c4244c903437d7651c361) Importer(815301076,1909f56bfc062723c751e8b465ee728b)
Start importing Assets/virus 2.prefab using Guid(e27af51e7b5c4244c903437d7651c361) Importer(815301076,1909f56bfc062723c751e8b465ee728b)  -> (artifact id: 'cc66e64a1ae6654461a5face2ed72374') in 0.086100 seconds 
  Import took 0.090241 seconds .

========================================================================
Received Import Request.
  Time since last request: 263.193292 seconds.
  path: Assets/restart.cs
  artifactKey: Guid(02e35b210ed43a844bcd905870661afd) Importer(815301076,1909f56bfc062723c751e8b465ee728b)
Start importing Assets/restart.cs using Guid(02e35b210ed43a844bcd905870661afd) Importer(815301076,1909f56bfc062723c751e8b465ee728b)  -> (artifact id: 'b769db528b388d6627535e8e09e6be49') in 0.010376 seconds 
  Import took 0.015029 seconds .

========================================================================
Received Import Request.
  Time since last request: 267.673574 seconds.
  path: Assets/restart.cs
  artifactKey: Guid(02e35b210ed43a844bcd905870661afd) Importer(815301076,1909f56bfc062723c751e8b465ee728b)
Start importing Assets/restart.cs using Guid(02e35b210ed43a844bcd905870661afd) Importer(815301076,1909f56bfc062723c751e8b465ee728b)  -> (artifact id: '5eef5984fa10b250ba3afbd7118c5b8a') in 0.003856 seconds 
  Import took 0.016255 seconds .

========================================================================
Received Import Request.
  Time since last request: 2369.541813 seconds.
  path: Assets/ScoreScript.cs
  artifactKey: Guid(1f0d6e9e105725a478ca9b1e69d8bef5) Importer(815301076,1909f56bfc062723c751e8b465ee728b)
Start importing Assets/ScoreScript.cs using Guid(1f0d6e9e105725a478ca9b1e69d8bef5) Importer(815301076,1909f56bfc062723c751e8b465ee728b)  -> (artifact id: '71dbcc771501bd61cd5c7915ebf1f7c4') in 0.010349 seconds 
  Import took 0.023864 seconds .

========================================================================
Received Import Request.
  Time since last request: 170.543091 seconds.
  path: Assets/ScoreScript.cs
  artifactKey: Guid(1f0d6e9e105725a478ca9b1e69d8bef5) Importer(815301076,1909f56bfc062723c751e8b465ee728b)
Start importing Assets/ScoreScript.cs using Guid(1f0d6e9e105725a478ca9b1e69d8bef5) Importer(815301076,1909f56bfc062723c751e8b465ee728b)  -> (artifact id: '5fdf8bec6bcd4945fdcead95ad52ad53') in 0.003620 seconds 
  Import took 0.015851 seconds .

========================================================================
Received Import Request.
  Time since last request: 56.729733 seconds.
  path: Assets/MunculinVirus.cs
  artifactKey: Guid(8be85567449b0b248adff49b37dc4e81) Importer(815301076,1909f56bfc062723c751e8b465ee728b)
Start importing Assets/MunculinVirus.cs using Guid(8be85567449b0b248adff49b37dc4e81) Importer(815301076,1909f56bfc062723c751e8b465ee728b)  -> (artifact id: '1799ecb7beca4459ff1e83cd09f0ecec') in 0.009465 seconds 
  Import took 0.021621 seconds .

========================================================================
Received Import Request.
  Time since last request: 221.267410 seconds.
  path: Assets/New Material.mat
  artifactKey: Guid(138ee7819d91f3341ab5a0a8316712a7) Importer(815301076,1909f56bfc062723c751e8b465ee728b)
Start importing Assets/New Material.mat using Guid(138ee7819d91f3341ab5a0a8316712a7) Importer(815301076,1909f56bfc062723c751e8b465ee728b)  -> (artifact id: 'dc486d489178a3c2247ac35e75791433') in 0.064055 seconds 
  Import took 0.066830 seconds .

